<?xml version="1.0" encoding="UTF-8"?>
<!-- Generated by org.testng.reporters.JUnitXMLReporter -->
<testsuite ignored="0" hostname="AnilVarma" failures="1" tests="2" name="Test" time="26.963" errors="0" timestamp="2022-07-20T15:36:36 IST">
  <testcase classname="com.orange_hrm.testcases.BaseClass1" name="@AfterMethod teardown" time="0.01">
    <failure type="java.lang.NullPointerException">
      <![CDATA[java.lang.NullPointerException
at com.orange_hrm.testcases.BaseClass1.teardown(BaseClass1.java:60)
at java.base/java.util.ArrayList.forEach(ArrayList.java:1541)
... Removed 32 stack frames]]>
    </failure>
  </testcase> <!-- @AfterMethod teardown -->
  <testcase classname="com.orange_hrm.testcases.BaseClass1" name="@AfterMethod teardown" time="0.0">
    <skipped/>
  </testcase> <!-- @AfterMethod teardown -->
  <testcase classname="com.orange_hrm.testcases.TestcaseWithExtentreports" name="loginTest" time="0.015">
    <failure type="java.lang.NullPointerException">
      <![CDATA[java.lang.NullPointerException
at com.orange_hrm.testcases.TestcaseWithExtentreports.loginTest(TestcaseWithExtentreports.java:13)
at java.base/java.util.ArrayList.forEach(ArrayList.java:1541)
... Removed 27 stack frames]]>
    </failure>
  </testcase> <!-- loginTest -->
  <testcase classname="com.orange_hrm.testcases.TestcaseWithExtentreports" name="loginapp" time="0.0">
    <skipped/>
  </testcase> <!-- loginapp -->
</testsuite> <!-- Test -->
