<?xml version="1.0" encoding="UTF-8"?>
<testng-results ignored="0" total="2" passed="2" failed="0" skipped="0">
  <reporter-output>
    <line>
      <![CDATA[OrangeHRM]]>
    </line>
    <line>
      <![CDATA[SUcessfully Added]]>
    </line>
    <line>
      <![CDATA[OrangeHRM]]>
    </line>
  </reporter-output>
  <suite started-at="2022-10-31T23:25:24 IST" name="Suite" finished-at="2022-10-31T23:26:46 IST" duration-ms="81568">
    <groups>
    </groups>
    <test started-at="2022-10-31T23:25:24 IST" name="Test" finished-at="2022-10-31T23:26:46 IST" duration-ms="81568">
      <class name="com.orange_hrm.testcases.TC_004_B_AddEmployee">
        <test-method is-config="true" signature="setup(java.lang.String)[pri:0, instance:com.orange_hrm.testcases.TC_004_B_AddEmployee@78691363]" started-at="2022-10-31T23:25:24 IST" name="setup" finished-at="2022-10-31T23:25:59 IST" duration-ms="35088" status="PASS">
          <params>
            <param index="0">
              <value>
                <![CDATA[chrome]]>
              </value>
            </param>
          </params>
          <reporter-output>
          </reporter-output>
        </test-method> <!-- setup -->
        <test-method signature="createNewEmployee()[pri:0, instance:com.orange_hrm.testcases.TC_004_B_AddEmployee@78691363]" started-at="2022-10-31T23:25:59 IST" name="createNewEmployee" finished-at="2022-10-31T23:26:17 IST" duration-ms="17501" status="PASS">
          <reporter-output>
            <line>
              <![CDATA[OrangeHRM]]>
            </line>
            <line>
              <![CDATA[SUcessfully Added]]>
            </line>
          </reporter-output>
        </test-method> <!-- createNewEmployee -->
        <test-method is-config="true" signature="teardown()[pri:0, instance:com.orange_hrm.testcases.TC_004_B_AddEmployee@78691363]" started-at="2022-10-31T23:26:17 IST" name="teardown" finished-at="2022-10-31T23:26:18 IST" duration-ms="1192" status="PASS">
          <reporter-output>
          </reporter-output>
        </test-method> <!-- teardown -->
      </class> <!-- com.orange_hrm.testcases.TC_004_B_AddEmployee -->
      <class name="com.orange_hrm.testcases.TC_001_A_Login">
        <test-method is-config="true" signature="setup(java.lang.String)[pri:0, instance:com.orange_hrm.testcases.TC_001_A_Login@618b19ad]" started-at="2022-10-31T23:26:18 IST" name="setup" finished-at="2022-10-31T23:26:43 IST" duration-ms="24331" status="PASS">
          <params>
            <param index="0">
              <value>
                <![CDATA[chrome]]>
              </value>
            </param>
          </params>
          <reporter-output>
          </reporter-output>
        </test-method> <!-- setup -->
        <test-method signature="loginTest()[pri:0, instance:com.orange_hrm.testcases.TC_001_A_Login@618b19ad]" started-at="2022-10-31T23:26:43 IST" name="loginTest" finished-at="2022-10-31T23:26:45 IST" duration-ms="2704" status="PASS">
          <reporter-output>
            <line>
              <![CDATA[OrangeHRM]]>
            </line>
          </reporter-output>
        </test-method> <!-- loginTest -->
        <test-method is-config="true" signature="teardown()[pri:0, instance:com.orange_hrm.testcases.TC_001_A_Login@618b19ad]" started-at="2022-10-31T23:26:45 IST" name="teardown" finished-at="2022-10-31T23:26:46 IST" duration-ms="455" status="PASS">
          <reporter-output>
          </reporter-output>
        </test-method> <!-- teardown -->
      </class> <!-- com.orange_hrm.testcases.TC_001_A_Login -->
    </test> <!-- Test -->
  </suite> <!-- Suite -->
</testng-results>
